'../test/testadd'
Address Space for thread main: 
0 -> 0: 34
1 -> 1: 00
2 -> 2: 00
3 -> 3: 0c
4 -> 4: 00
5 -> 5: 00
6 -> 6: 00
7 -> 7: 00
8 -> 8: 08
9 -> 9: 00
10 -> 10: 00
11 -> 11: 0c
12 -> 12: 21
13 -> 13: 20
14 -> 14: 00
15 -> 15: 00
16 -> 16: 00
17 -> 17: 00
18 -> 18: 02
19 -> 19: 24
20 -> 20: 0c
21 -> 21: 00
22 -> 22: 00
23 -> 23: 00
24 -> 24: 08
25 -> 25: 00
26 -> 26: e0
27 -> 27: 03
28 -> 28: 00
29 -> 29: 00
30 -> 30: 00
31 -> 31: 00
32 -> 32: 01
33 -> 33: 00
34 -> 34: 02
35 -> 35: 24
36 -> 36: 0c
37 -> 37: 00
38 -> 38: 00
39 -> 39: 00
40 -> 40: 08
41 -> 41: 00
42 -> 42: e0
43 -> 43: 03
44 -> 44: 00
45 -> 45: 00
46 -> 46: 00
47 -> 47: 00
48 -> 48: 02
49 -> 49: 00
50 -> 50: 02
51 -> 51: 24
52 -> 52: 0c
53 -> 53: 00
54 -> 54: 00
55 -> 55: 00
56 -> 56: 08
57 -> 57: 00
58 -> 58: e0
59 -> 59: 03
60 -> 60: 00
61 -> 61: 00
62 -> 62: 00
63 -> 63: 00
64 -> 64: 03
65 -> 65: 00
66 -> 66: 02
67 -> 67: 24
68 -> 68: 0c
69 -> 69: 00
70 -> 70: 00
71 -> 71: 00
72 -> 72: 08
73 -> 73: 00
74 -> 74: e0
75 -> 75: 03
76 -> 76: 00
77 -> 77: 00
78 -> 78: 00
79 -> 79: 00
80 -> 80: 04
81 -> 81: 00
82 -> 82: 02
83 -> 83: 24
84 -> 84: 0c
85 -> 85: 00
86 -> 86: 00
87 -> 87: 00
88 -> 88: 08
89 -> 89: 00
90 -> 90: e0
91 -> 91: 03
92 -> 92: 00
93 -> 93: 00
94 -> 94: 00
95 -> 95: 00
96 -> 96: 05
97 -> 97: 00
98 -> 98: 02
99 -> 99: 24
100 -> 100: 0c
101 -> 101: 00
102 -> 102: 00
103 -> 103: 00
104 -> 104: 08
105 -> 105: 00
106 -> 106: e0
107 -> 107: 03
108 -> 108: 00
109 -> 109: 00
110 -> 110: 00
111 -> 111: 00
112 -> 112: 06
113 -> 113: 00
114 -> 114: 02
115 -> 115: 24
116 -> 116: 0c
117 -> 117: 00
118 -> 118: 00
119 -> 119: 00
120 -> 120: 08
121 -> 121: 00
122 -> 122: e0
123 -> 123: 03
124 -> 124: 00
125 -> 125: 00
126 -> 126: 00
127 -> 127: 00
128 -> 128: 07
129 -> 129: 00
130 -> 130: 02
131 -> 131: 24
132 -> 132: 0c
133 -> 133: 00
134 -> 134: 00
135 -> 135: 00
136 -> 136: 08
137 -> 137: 00
138 -> 138: e0
139 -> 139: 03
140 -> 140: 00
141 -> 141: 00
142 -> 142: 00
143 -> 143: 00
144 -> 144: 08
145 -> 145: 00
146 -> 146: 02
147 -> 147: 24
148 -> 148: 0c
149 -> 149: 00
150 -> 150: 00
151 -> 151: 00
152 -> 152: 08
153 -> 153: 00
154 -> 154: e0
155 -> 155: 03
156 -> 156: 00
157 -> 157: 00
158 -> 158: 00
159 -> 159: 00
160 -> 160: 09
161 -> 161: 00
162 -> 162: 02
163 -> 163: 24
164 -> 164: 0c
165 -> 165: 00
166 -> 166: 00
167 -> 167: 00
168 -> 168: 08
169 -> 169: 00
170 -> 170: e0
171 -> 171: 03
172 -> 172: 00
173 -> 173: 00
174 -> 174: 00
175 -> 175: 00
176 -> 176: 0a
177 -> 177: 00
178 -> 178: 02
179 -> 179: 24
180 -> 180: 0c
181 -> 181: 00
182 -> 182: 00
183 -> 183: 00
184 -> 184: 08
185 -> 185: 00
186 -> 186: e0
187 -> 187: 03
188 -> 188: 00
189 -> 189: 00
190 -> 190: 00
191 -> 191: 00
192 -> 192: 08
193 -> 193: 00
194 -> 194: e0
195 -> 195: 03
196 -> 196: 00
197 -> 197: 00
198 -> 198: 00
199 -> 199: 00
200 -> 200: 00
201 -> 201: 00
202 -> 202: 00
203 -> 203: 00
204 -> 204: 00
205 -> 205: 00
206 -> 206: 00
207 -> 207: 00
208 -> 208: c0
209 -> 209: ff
210 -> 210: bd
211 -> 211: 27
212 -> 212: 3c
213 -> 213: 00
214 -> 214: bf
215 -> 215: af
216 -> 216: 38
217 -> 217: 00
218 -> 218: be
219 -> 219: af
220 -> 220: 30
221 -> 221: 00
222 -> 222: 00
223 -> 223: 0c
224 -> 224: 21
225 -> 225: f0
226 -> 226: a0
227 -> 227: 03
228 -> 228: 10
229 -> 229: 00
230 -> 230: c0
231 -> 231: af
232 -> 232: 10
233 -> 233: 00
234 -> 234: c0
235 -> 235: af
236 -> 236: 10
237 -> 237: 00
238 -> 238: c0
239 -> 239: af
240 -> 240: 10
241 -> 241: 00
242 -> 242: c0
243 -> 243: af
244 -> 244: 10
245 -> 245: 00
246 -> 246: c0
247 -> 247: af
248 -> 248: 10
249 -> 249: 00
250 -> 250: c0
251 -> 251: af
252 -> 252: 10
253 -> 253: 00
254 -> 254: c0
255 -> 255: af
256 -> 256: 10
257 -> 257: 00
258 -> 258: c0
259 -> 259: af
260 -> 260: 10
261 -> 261: 00
262 -> 262: c0
263 -> 263: af
264 -> 264: 10
265 -> 265: 00
266 -> 266: c0
267 -> 267: af
268 -> 268: 10
269 -> 269: 00
270 -> 270: c0
271 -> 271: af
272 -> 272: 10
273 -> 273: 00
274 -> 274: c0
275 -> 275: af
276 -> 276: 10
277 -> 277: 00
278 -> 278: c0
279 -> 279: af
280 -> 280: 10
281 -> 281: 00
282 -> 282: c0
283 -> 283: af
284 -> 284: 10
285 -> 285: 00
286 -> 286: c0
287 -> 287: af
288 -> 288: 10
289 -> 289: 00
290 -> 290: c0
291 -> 291: af
292 -> 292: 10
293 -> 293: 00
294 -> 294: c0
295 -> 295: af
296 -> 296: 10
297 -> 297: 00
298 -> 298: c0
299 -> 299: af
300 -> 300: 10
301 -> 301: 00
302 -> 302: c0
303 -> 303: af
304 -> 304: 10
305 -> 305: 00
306 -> 306: c0
307 -> 307: af
308 -> 308: 10
309 -> 309: 00
310 -> 310: c0
311 -> 311: af
312 -> 312: 10
313 -> 313: 00
314 -> 314: c0
315 -> 315: af
316 -> 316: 10
317 -> 317: 00
318 -> 318: c0
319 -> 319: af
320 -> 320: 10
321 -> 321: 00
322 -> 322: c0
323 -> 323: af
324 -> 324: 10
325 -> 325: 00
326 -> 326: c0
327 -> 327: af
328 -> 328: 10
329 -> 329: 00
330 -> 330: c0
331 -> 331: af
332 -> 332: 10
333 -> 333: 00
334 -> 334: c0
335 -> 335: af
336 -> 336: 10
337 -> 337: 00
338 -> 338: c0
339 -> 339: af
340 -> 340: 10
341 -> 341: 00
342 -> 342: c0
343 -> 343: af
344 -> 344: 10
345 -> 345: 00
346 -> 346: c0
347 -> 347: af
348 -> 348: 10
349 -> 349: 00
350 -> 350: c0
351 -> 351: af
352 -> 352: 10
353 -> 353: 00
354 -> 354: c0
355 -> 355: af
356 -> 356: 10
357 -> 357: 00
358 -> 358: c0
359 -> 359: af
360 -> 360: 10
361 -> 361: 00
362 -> 362: c0
363 -> 363: af
364 -> 364: 10
365 -> 365: 00
366 -> 366: c0
367 -> 367: af
368 -> 368: 10
369 -> 369: 00
370 -> 370: c0
371 -> 371: af
372 -> 372: 10
373 -> 373: 00
374 -> 374: c0
375 -> 375: af
376 -> 376: 10
377 -> 377: 00
378 -> 378: c0
379 -> 379: af
380 -> 380: 10
381 -> 381: 00
382 -> 382: c0
383 -> 383: af
384 -> 384: 08
385 -> 385: 00
386 -> 386: 00
387 -> 387: 0c
388 -> 388: 21
389 -> 389: 20
390 -> 390: 00
391 -> 391: 00
392 -> 392: 21
393 -> 393: e8
394 -> 394: c0
395 -> 395: 03
396 -> 396: 3c
397 -> 397: 00
398 -> 398: bf
399 -> 399: 8f
400 -> 400: 38
401 -> 401: 00
402 -> 402: be
403 -> 403: 8f
404 -> 404: 08
405 -> 405: 00
406 -> 406: e0
407 -> 407: 03
408 -> 408: 40
409 -> 409: 00
410 -> 410: bd
411 -> 411: 27
412 -> 412: 00
413 -> 413: 00
414 -> 414: 00
415 -> 415: 00
416 -> 416: 00
417 -> 417: 00
418 -> 418: 00
419 -> 419: 00
420 -> 420: 00
421 -> 421: 00
422 -> 422: 00
423 -> 423: 00
424 -> 424: 00
425 -> 425: 00
426 -> 426: 00
427 -> 427: 00
428 -> 428: 00
429 -> 429: 00
430 -> 430: 00
431 -> 431: 00
432 -> 432: 00
433 -> 433: 00
434 -> 434: 00
435 -> 435: 00
436 -> 436: 00
437 -> 437: 00
438 -> 438: 00
439 -> 439: 00
440 -> 440: 00
441 -> 441: 00
442 -> 442: 00
443 -> 443: 00
444 -> 444: 00
445 -> 445: 00
446 -> 446: 00
447 -> 447: 00
448 -> 448: 00
449 -> 449: 00
450 -> 450: 00
451 -> 451: 00
452 -> 452: 00
453 -> 453: 00
454 -> 454: 00
455 -> 455: 00
456 -> 456: 00
457 -> 457: 00
458 -> 458: 00
459 -> 459: 00
460 -> 460: 00
461 -> 461: 00
462 -> 462: 00
463 -> 463: 00
464 -> 464: 00
465 -> 465: 00
466 -> 466: 00
467 -> 467: 00
468 -> 468: 00
469 -> 469: 00
470 -> 470: 00
471 -> 471: 00
472 -> 472: 00
473 -> 473: 00
474 -> 474: 00
475 -> 475: 00
476 -> 476: 00
477 -> 477: 00
478 -> 478: 00
479 -> 479: 00
480 -> 480: 00
481 -> 481: 00
482 -> 482: 00
483 -> 483: 00
484 -> 484: 00
485 -> 485: 00
486 -> 486: 00
487 -> 487: 00
488 -> 488: 00
489 -> 489: 00
490 -> 490: 00
491 -> 491: 00
492 -> 492: 00
493 -> 493: 00
494 -> 494: 00
495 -> 495: 00
496 -> 496: 00
497 -> 497: 00
498 -> 498: 00
499 -> 499: 00
500 -> 500: 00
501 -> 501: 00
502 -> 502: 00
503 -> 503: 00
504 -> 504: 00
505 -> 505: 00
506 -> 506: 00
507 -> 507: 00
508 -> 508: 00
509 -> 509: 00
510 -> 510: 00
511 -> 511: 00
512 -> 512: 00
513 -> 513: 00
514 -> 514: 00
515 -> 515: 00
516 -> 516: 00
517 -> 517: 00
518 -> 518: 00
519 -> 519: 00
520 -> 520: 00
521 -> 521: 00
522 -> 522: 00
523 -> 523: 00
524 -> 524: 00
525 -> 525: 00
526 -> 526: 00
527 -> 527: 00
528 -> 528: 00
529 -> 529: 00
530 -> 530: 00
531 -> 531: 00
532 -> 532: 00
533 -> 533: 00
534 -> 534: 00
535 -> 535: 00
536 -> 536: 00
537 -> 537: 00
538 -> 538: 00
539 -> 539: 00
540 -> 540: 00
541 -> 541: 00
542 -> 542: 00
543 -> 543: 00
544 -> 544: 00
545 -> 545: 00
546 -> 546: 00
547 -> 547: 00
548 -> 548: 00
549 -> 549: 00
550 -> 550: 00
551 -> 551: 00
552 -> 552: 00
553 -> 553: 00
554 -> 554: 00
555 -> 555: 00
556 -> 556: 00
557 -> 557: 00
558 -> 558: 00
559 -> 559: 00
560 -> 560: 00
561 -> 561: 00
562 -> 562: 00
563 -> 563: 00
564 -> 564: 00
565 -> 565: 00
566 -> 566: 00
567 -> 567: 00
568 -> 568: 00
569 -> 569: 00
570 -> 570: 00
571 -> 571: 00
572 -> 572: 00
573 -> 573: 00
574 -> 574: 00
575 -> 575: 00
576 -> 576: 00
577 -> 577: 00
578 -> 578: 00
579 -> 579: 00
580 -> 580: 00
581 -> 581: 00
582 -> 582: 00
583 -> 583: 00
584 -> 584: 00
585 -> 585: 00
586 -> 586: 00
587 -> 587: 00
588 -> 588: 00
589 -> 589: 00
590 -> 590: 00
591 -> 591: 00
592 -> 592: 00
593 -> 593: 00
594 -> 594: 00
595 -> 595: 00
596 -> 596: 00
597 -> 597: 00
598 -> 598: 00
599 -> 599: 00
600 -> 600: 00
601 -> 601: 00
602 -> 602: 00
603 -> 603: 00
604 -> 604: 00
605 -> 605: 00
606 -> 606: 00
607 -> 607: 00
608 -> 608: 00
609 -> 609: 00
610 -> 610: 00
611 -> 611: 00
612 -> 612: 00
613 -> 613: 00
614 -> 614: 00
615 -> 615: 00
616 -> 616: 00
617 -> 617: 00
618 -> 618: 00
619 -> 619: 00
620 -> 620: 00
621 -> 621: 00
622 -> 622: 00
623 -> 623: 00
624 -> 624: 00
625 -> 625: 00
626 -> 626: 00
627 -> 627: 00
628 -> 628: 00
629 -> 629: 00
630 -> 630: 00
631 -> 631: 00
632 -> 632: 00
633 -> 633: 00
634 -> 634: 00
635 -> 635: 00
636 -> 636: 00
637 -> 637: 00
638 -> 638: 00
639 -> 639: 00
640 -> 640: 00
641 -> 641: 00
642 -> 642: 00
643 -> 643: 00
644 -> 644: 00
645 -> 645: 00
646 -> 646: 00
647 -> 647: 00
648 -> 648: 00
649 -> 649: 00
650 -> 650: 00
651 -> 651: 00
652 -> 652: 00
653 -> 653: 00
654 -> 654: 00
655 -> 655: 00
656 -> 656: 00
657 -> 657: 00
658 -> 658: 00
659 -> 659: 00
660 -> 660: 00
661 -> 661: 00
662 -> 662: 00
663 -> 663: 00
664 -> 664: 00
665 -> 665: 00
666 -> 666: 00
667 -> 667: 00
668 -> 668: 00
669 -> 669: 00
670 -> 670: 00
671 -> 671: 00
672 -> 672: 00
673 -> 673: 00
674 -> 674: 00
675 -> 675: 00
676 -> 676: 00
677 -> 677: 00
678 -> 678: 00
679 -> 679: 00
680 -> 680: 00
681 -> 681: 00
682 -> 682: 00
683 -> 683: 00
684 -> 684: 00
685 -> 685: 00
686 -> 686: 00
687 -> 687: 00
688 -> 688: 00
689 -> 689: 00
690 -> 690: 00
691 -> 691: 00
692 -> 692: 00
693 -> 693: 00
694 -> 694: 00
695 -> 695: 00
696 -> 696: 00
697 -> 697: 00
698 -> 698: 00
699 -> 699: 00
700 -> 700: 00
701 -> 701: 00
702 -> 702: 00
703 -> 703: 00
704 -> 704: 00
705 -> 705: 00
706 -> 706: 00
707 -> 707: 00
708 -> 708: 00
709 -> 709: 00
710 -> 710: 00
711 -> 711: 00
712 -> 712: 00
713 -> 713: 00
714 -> 714: 00
715 -> 715: 00
716 -> 716: 00
717 -> 717: 00
718 -> 718: 00
719 -> 719: 00
720 -> 720: 00
721 -> 721: 00
722 -> 722: 00
723 -> 723: 00
724 -> 724: 00
725 -> 725: 00
726 -> 726: 00
727 -> 727: 00
728 -> 728: 00
729 -> 729: 00
730 -> 730: 00
731 -> 731: 00
732 -> 732: 00
733 -> 733: 00
734 -> 734: 00
735 -> 735: 00
736 -> 736: 00
737 -> 737: 00
738 -> 738: 00
739 -> 739: 00
740 -> 740: 00
741 -> 741: 00
742 -> 742: 00
743 -> 743: 00
744 -> 744: 00
745 -> 745: 00
746 -> 746: 00
747 -> 747: 00
748 -> 748: 00
749 -> 749: 00
750 -> 750: 00
751 -> 751: 00
752 -> 752: 00
753 -> 753: 00
754 -> 754: 00
755 -> 755: 00
756 -> 756: 00
757 -> 757: 00
758 -> 758: 00
759 -> 759: 00
760 -> 760: 00
761 -> 761: 00
762 -> 762: 00
763 -> 763: 00
764 -> 764: 00
765 -> 765: 00
766 -> 766: 00
767 -> 767: 00
768 -> 768: 00
769 -> 769: 00
770 -> 770: 00
771 -> 771: 00
772 -> 772: 00
773 -> 773: 00
774 -> 774: 00
775 -> 775: 00
776 -> 776: 00
777 -> 777: 00
778 -> 778: 00
779 -> 779: 00
780 -> 780: 00
781 -> 781: 00
782 -> 782: 00
783 -> 783: 00
784 -> 784: 00
785 -> 785: 00
786 -> 786: 00
787 -> 787: 00
788 -> 788: 00
789 -> 789: 00
790 -> 790: 00
791 -> 791: 00
792 -> 792: 00
793 -> 793: 00
794 -> 794: 00
795 -> 795: 00
796 -> 796: 00
797 -> 797: 00
798 -> 798: 00
799 -> 799: 00
800 -> 800: 00
801 -> 801: 00
802 -> 802: 00
803 -> 803: 00
804 -> 804: 00
805 -> 805: 00
806 -> 806: 00
807 -> 807: 00
808 -> 808: 00
809 -> 809: 00
810 -> 810: 00
811 -> 811: 00
812 -> 812: 00
813 -> 813: 00
814 -> 814: 00
815 -> 815: 00
816 -> 816: 00
817 -> 817: 00
818 -> 818: 00
819 -> 819: 00
820 -> 820: 00
821 -> 821: 00
822 -> 822: 00
823 -> 823: 00
824 -> 824: 00
825 -> 825: 00
826 -> 826: 00
827 -> 827: 00
828 -> 828: 00
829 -> 829: 00
830 -> 830: 00
831 -> 831: 00
832 -> 832: 00
833 -> 833: 00
834 -> 834: 00
835 -> 835: 00
836 -> 836: 00
837 -> 837: 00
838 -> 838: 00
839 -> 839: 00
840 -> 840: 00
841 -> 841: 00
842 -> 842: 00
843 -> 843: 00
844 -> 844: 00
845 -> 845: 00
846 -> 846: 00
847 -> 847: 00
848 -> 848: 00
849 -> 849: 00
850 -> 850: 00
851 -> 851: 00
852 -> 852: 00
853 -> 853: 00
854 -> 854: 00
855 -> 855: 00
856 -> 856: 00
857 -> 857: 00
858 -> 858: 00
859 -> 859: 00
860 -> 860: 00
861 -> 861: 00
862 -> 862: 00
863 -> 863: 00
864 -> 864: 00
865 -> 865: 00
866 -> 866: 00
867 -> 867: 00
868 -> 868: 00
869 -> 869: 00
870 -> 870: 00
871 -> 871: 00
872 -> 872: 00
873 -> 873: 00
874 -> 874: 00
875 -> 875: 00
876 -> 876: 00
877 -> 877: 00
878 -> 878: 00
879 -> 879: 00
880 -> 880: 00
881 -> 881: 00
882 -> 882: 00
883 -> 883: 00
884 -> 884: 00
885 -> 885: 00
886 -> 886: 00
887 -> 887: 00
888 -> 888: 00
889 -> 889: 00
890 -> 890: 00
891 -> 891: 00
892 -> 892: 00
893 -> 893: 00
894 -> 894: 00
895 -> 895: 00
896 -> 896: 00
897 -> 897: 00
898 -> 898: 00
899 -> 899: 00
900 -> 900: 00
901 -> 901: 00
902 -> 902: 00
903 -> 903: 00
904 -> 904: 00
905 -> 905: 00
906 -> 906: 00
907 -> 907: 00
908 -> 908: 00
909 -> 909: 00
910 -> 910: 00
911 -> 911: 00
912 -> 912: 00
913 -> 913: 00
914 -> 914: 00
915 -> 915: 00
916 -> 916: 00
917 -> 917: 00
918 -> 918: 00
919 -> 919: 00
920 -> 920: 00
921 -> 921: 00
922 -> 922: 00
923 -> 923: 00
924 -> 924: 00
925 -> 925: 00
926 -> 926: 00
927 -> 927: 00
928 -> 928: 00
929 -> 929: 00
930 -> 930: 00
931 -> 931: 00
932 -> 932: 00
933 -> 933: 00
934 -> 934: 00
935 -> 935: 00
936 -> 936: 00
937 -> 937: 00
938 -> 938: 00
939 -> 939: 00
940 -> 940: 00
941 -> 941: 00
942 -> 942: 00
943 -> 943: 00
944 -> 944: 00
945 -> 945: 00
946 -> 946: 00
947 -> 947: 00
948 -> 948: 00
949 -> 949: 00
950 -> 950: 00
951 -> 951: 00
952 -> 952: 00
953 -> 953: 00
954 -> 954: 00
955 -> 955: 00
956 -> 956: 00
957 -> 957: 00
958 -> 958: 00
959 -> 959: 00
960 -> 960: 00
961 -> 961: 00
962 -> 962: 00
963 -> 963: 00
964 -> 964: 00
965 -> 965: 00
966 -> 966: 00
967 -> 967: 00
968 -> 968: 00
969 -> 969: 00
970 -> 970: 00
971 -> 971: 00
972 -> 972: 00
973 -> 973: 00
974 -> 974: 00
975 -> 975: 00
976 -> 976: 00
977 -> 977: 00
978 -> 978: 00
979 -> 979: 00
980 -> 980: 00
981 -> 981: 00
982 -> 982: 00
983 -> 983: 00
984 -> 984: 00
985 -> 985: 00
986 -> 986: 00
987 -> 987: 00
988 -> 988: 00
989 -> 989: 00
990 -> 990: 00
991 -> 991: 00
992 -> 992: 00
993 -> 993: 00
994 -> 994: 00
995 -> 995: 00
996 -> 996: 00
997 -> 997: 00
998 -> 998: 00
999 -> 999: 00
1000 -> 1000: 00
1001 -> 1001: 00
1002 -> 1002: 00
1003 -> 1003: 00
1004 -> 1004: 00
1005 -> 1005: 00
1006 -> 1006: 00
1007 -> 1007: 00
1008 -> 1008: 00
1009 -> 1009: 00
1010 -> 1010: 00
1011 -> 1011: 00
1012 -> 1012: 00
1013 -> 1013: 00
1014 -> 1014: 00
1015 -> 1015: 00
1016 -> 1016: 00
1017 -> 1017: 00
1018 -> 1018: 00
1019 -> 1019: 00
1020 -> 1020: 00
1021 -> 1021: 00
1022 -> 1022: 00
1023 -> 1023: 00
1024 -> 1024: 00
1025 -> 1025: 00
1026 -> 1026: 00
1027 -> 1027: 00
1028 -> 1028: 00
1029 -> 1029: 00
1030 -> 1030: 00
1031 -> 1031: 00
1032 -> 1032: 00
1033 -> 1033: 00
1034 -> 1034: 00
1035 -> 1035: 00
1036 -> 1036: 00
1037 -> 1037: 00
1038 -> 1038: 00
1039 -> 1039: 00
1040 -> 1040: 00
1041 -> 1041: 00
1042 -> 1042: 00
1043 -> 1043: 00
1044 -> 1044: 00
1045 -> 1045: 00
1046 -> 1046: 00
1047 -> 1047: 00
1048 -> 1048: 00
1049 -> 1049: 00
1050 -> 1050: 00
1051 -> 1051: 00
1052 -> 1052: 00
1053 -> 1053: 00
1054 -> 1054: 00
1055 -> 1055: 00
1056 -> 1056: 00
1057 -> 1057: 00
1058 -> 1058: 00
1059 -> 1059: 00
1060 -> 1060: 00
1061 -> 1061: 00
1062 -> 1062: 00
1063 -> 1063: 00
1064 -> 1064: 00
1065 -> 1065: 00
1066 -> 1066: 00
1067 -> 1067: 00
1068 -> 1068: 00
1069 -> 1069: 00
1070 -> 1070: 00
1071 -> 1071: 00
1072 -> 1072: 00
1073 -> 1073: 00
1074 -> 1074: 00
1075 -> 1075: 00
1076 -> 1076: 00
1077 -> 1077: 00
1078 -> 1078: 00
1079 -> 1079: 00
1080 -> 1080: 00
1081 -> 1081: 00
1082 -> 1082: 00
1083 -> 1083: 00
1084 -> 1084: 00
1085 -> 1085: 00
1086 -> 1086: 00
1087 -> 1087: 00
1088 -> 1088: 00
1089 -> 1089: 00
1090 -> 1090: 00
1091 -> 1091: 00
1092 -> 1092: 00
1093 -> 1093: 00
1094 -> 1094: 00
1095 -> 1095: 00
1096 -> 1096: 00
1097 -> 1097: 00
1098 -> 1098: 00
1099 -> 1099: 00
1100 -> 1100: 00
1101 -> 1101: 00
1102 -> 1102: 00
1103 -> 1103: 00
1104 -> 1104: 00
1105 -> 1105: 00
1106 -> 1106: 00
1107 -> 1107: 00
1108 -> 1108: 00
1109 -> 1109: 00
1110 -> 1110: 00
1111 -> 1111: 00
1112 -> 1112: 00
1113 -> 1113: 00
1114 -> 1114: 00
1115 -> 1115: 00
1116 -> 1116: 00
1117 -> 1117: 00
1118 -> 1118: 00
1119 -> 1119: 00
1120 -> 1120: 00
1121 -> 1121: 00
1122 -> 1122: 00
1123 -> 1123: 00
1124 -> 1124: 00
1125 -> 1125: 00
1126 -> 1126: 00
1127 -> 1127: 00
1128 -> 1128: 00
1129 -> 1129: 00
1130 -> 1130: 00
1131 -> 1131: 00
1132 -> 1132: 00
1133 -> 1133: 00
1134 -> 1134: 00
1135 -> 1135: 00
1136 -> 1136: 00
1137 -> 1137: 00
1138 -> 1138: 00
1139 -> 1139: 00
1140 -> 1140: 00
1141 -> 1141: 00
1142 -> 1142: 00
1143 -> 1143: 00
1144 -> 1144: 00
1145 -> 1145: 00
1146 -> 1146: 00
1147 -> 1147: 00
1148 -> 1148: 00
1149 -> 1149: 00
1150 -> 1150: 00
1151 -> 1151: 00
1152 -> 1152: 00
1153 -> 1153: 00
1154 -> 1154: 00
1155 -> 1155: 00
1156 -> 1156: 00
1157 -> 1157: 00
1158 -> 1158: 00
1159 -> 1159: 00
1160 -> 1160: 00
1161 -> 1161: 00
1162 -> 1162: 00
1163 -> 1163: 00
1164 -> 1164: 00
1165 -> 1165: 00
1166 -> 1166: 00
1167 -> 1167: 00
1168 -> 1168: 00
1169 -> 1169: 00
1170 -> 1170: 00
1171 -> 1171: 00
1172 -> 1172: 00
1173 -> 1173: 00
1174 -> 1174: 00
1175 -> 1175: 00
1176 -> 1176: 00
1177 -> 1177: 00
1178 -> 1178: 00
1179 -> 1179: 00
1180 -> 1180: 00
1181 -> 1181: 00
1182 -> 1182: 00
1183 -> 1183: 00
1184 -> 1184: 00
1185 -> 1185: 00
1186 -> 1186: 00
1187 -> 1187: 00
1188 -> 1188: 00
1189 -> 1189: 00
1190 -> 1190: 00
1191 -> 1191: 00
1192 -> 1192: 00
1193 -> 1193: 00
1194 -> 1194: 00
1195 -> 1195: 00
1196 -> 1196: 00
1197 -> 1197: 00
1198 -> 1198: 00
1199 -> 1199: 00
1200 -> 1200: 00
1201 -> 1201: 00
1202 -> 1202: 00
1203 -> 1203: 00
1204 -> 1204: 00
1205 -> 1205: 00
1206 -> 1206: 00
1207 -> 1207: 00
1208 -> 1208: 00
1209 -> 1209: 00
1210 -> 1210: 00
1211 -> 1211: 00
1212 -> 1212: 00
1213 -> 1213: 00
1214 -> 1214: 00
1215 -> 1215: 00
1216 -> 1216: 00
1217 -> 1217: 00
1218 -> 1218: 00
1219 -> 1219: 00
1220 -> 1220: 00
1221 -> 1221: 00
1222 -> 1222: 00
1223 -> 1223: 00
1224 -> 1224: 00
1225 -> 1225: 00
1226 -> 1226: 00
1227 -> 1227: 00
1228 -> 1228: 00
1229 -> 1229: 00
1230 -> 1230: 00
1231 -> 1231: 00
1232 -> 1232: 00
1233 -> 1233: 00
1234 -> 1234: 00
1235 -> 1235: 00
1236 -> 1236: 00
1237 -> 1237: 00
1238 -> 1238: 00
1239 -> 1239: 00
1240 -> 1240: 00
1241 -> 1241: 00
1242 -> 1242: 00
1243 -> 1243: 00
1244 -> 1244: 00
1245 -> 1245: 00
1246 -> 1246: 00
1247 -> 1247: 00
1248 -> 1248: 00
1249 -> 1249: 00
1250 -> 1250: 00
1251 -> 1251: 00
1252 -> 1252: 00
1253 -> 1253: 00
1254 -> 1254: 00
1255 -> 1255: 00
1256 -> 1256: 00
1257 -> 1257: 00
1258 -> 1258: 00
1259 -> 1259: 00
1260 -> 1260: 00
1261 -> 1261: 00
1262 -> 1262: 00
1263 -> 1263: 00
1264 -> 1264: 00
1265 -> 1265: 00
1266 -> 1266: 00
1267 -> 1267: 00
1268 -> 1268: 00
1269 -> 1269: 00
1270 -> 1270: 00
1271 -> 1271: 00
1272 -> 1272: 00
1273 -> 1273: 00
1274 -> 1274: 00
1275 -> 1275: 00
1276 -> 1276: 00
1277 -> 1277: 00
1278 -> 1278: 00
1279 -> 1279: 00
1280 -> 1280: 00
1281 -> 1281: 00
1282 -> 1282: 00
1283 -> 1283: 00
1284 -> 1284: 00
1285 -> 1285: 00
1286 -> 1286: 00
1287 -> 1287: 00
1288 -> 1288: 00
1289 -> 1289: 00
1290 -> 1290: 00
1291 -> 1291: 00
1292 -> 1292: 00
1293 -> 1293: 00
1294 -> 1294: 00
1295 -> 1295: 00
1296 -> 1296: 00
1297 -> 1297: 00
1298 -> 1298: 00
1299 -> 1299: 00
1300 -> 1300: 00
1301 -> 1301: 00
1302 -> 1302: 00
1303 -> 1303: 00
1304 -> 1304: 00
1305 -> 1305: 00
1306 -> 1306: 00
1307 -> 1307: 00
1308 -> 1308: 00
1309 -> 1309: 00
1310 -> 1310: 00
1311 -> 1311: 00
1312 -> 1312: 00
1313 -> 1313: 00
1314 -> 1314: 00
1315 -> 1315: 00
1316 -> 1316: 00
1317 -> 1317: 00
1318 -> 1318: 00
1319 -> 1319: 00
1320 -> 1320: 00
1321 -> 1321: 00
1322 -> 1322: 00
1323 -> 1323: 00
1324 -> 1324: 00
1325 -> 1325: 00
1326 -> 1326: 00
1327 -> 1327: 00
1328 -> 1328: 00
1329 -> 1329: 00
1330 -> 1330: 00
1331 -> 1331: 00
1332 -> 1332: 00
1333 -> 1333: 00
1334 -> 1334: 00
1335 -> 1335: 00
1336 -> 1336: 00
1337 -> 1337: 00
1338 -> 1338: 00
1339 -> 1339: 00
1340 -> 1340: 00
1341 -> 1341: 00
1342 -> 1342: 00
1343 -> 1343: 00
1344 -> 1344: 00
1345 -> 1345: 00
1346 -> 1346: 00
1347 -> 1347: 00
1348 -> 1348: 00
1349 -> 1349: 00
1350 -> 1350: 00
1351 -> 1351: 00
1352 -> 1352: 00
1353 -> 1353: 00
1354 -> 1354: 00
1355 -> 1355: 00
1356 -> 1356: 00
1357 -> 1357: 00
1358 -> 1358: 00
1359 -> 1359: 00
1360 -> 1360: 00
1361 -> 1361: 00
1362 -> 1362: 00
1363 -> 1363: 00
1364 -> 1364: 00
1365 -> 1365: 00
1366 -> 1366: 00
1367 -> 1367: 00
1368 -> 1368: 00
1369 -> 1369: 00
1370 -> 1370: 00
1371 -> 1371: 00
1372 -> 1372: 00
1373 -> 1373: 00
1374 -> 1374: 00
1375 -> 1375: 00
1376 -> 1376: 00
1377 -> 1377: 00
1378 -> 1378: 00
1379 -> 1379: 00
1380 -> 1380: 00
1381 -> 1381: 00
1382 -> 1382: 00
1383 -> 1383: 00
1384 -> 1384: 00
1385 -> 1385: 00
1386 -> 1386: 00
1387 -> 1387: 00
1388 -> 1388: 00
1389 -> 1389: 00
1390 -> 1390: 00
1391 -> 1391: 00
1392 -> 1392: 00
1393 -> 1393: 00
1394 -> 1394: 00
1395 -> 1395: 00
1396 -> 1396: 00
1397 -> 1397: 00
1398 -> 1398: 00
1399 -> 1399: 00
1400 -> 1400: 00
1401 -> 1401: 00
1402 -> 1402: 00
1403 -> 1403: 00
1404 -> 1404: 00
1405 -> 1405: 00
1406 -> 1406: 00
1407 -> 1407: 00
1408 -> 1408: 00
1409 -> 1409: 00
1410 -> 1410: 00
1411 -> 1411: 00
1412 -> 1412: 00
1413 -> 1413: 00
1414 -> 1414: 00
1415 -> 1415: 00
1416 -> 1416: 00
1417 -> 1417: 00
1418 -> 1418: 00
1419 -> 1419: 00
1420 -> 1420: 00
1421 -> 1421: 00
1422 -> 1422: 00
1423 -> 1423: 00
1424 -> 1424: 00
1425 -> 1425: 00
1426 -> 1426: 00
1427 -> 1427: 00
1428 -> 1428: 00
1429 -> 1429: 00
1430 -> 1430: 00
1431 -> 1431: 00
1432 -> 1432: 00
1433 -> 1433: 00
1434 -> 1434: 00
1435 -> 1435: 00
1436 -> 1436: 00
1437 -> 1437: 00
1438 -> 1438: 00
1439 -> 1439: 00
1440 -> 1440: 00
1441 -> 1441: 00
1442 -> 1442: 00
1443 -> 1443: 00
1444 -> 1444: 00
1445 -> 1445: 00
1446 -> 1446: 00
1447 -> 1447: 00
1448 -> 1448: 00
1449 -> 1449: 00
1450 -> 1450: 00
1451 -> 1451: 00
1452 -> 1452: 00
1453 -> 1453: 00
1454 -> 1454: 00
1455 -> 1455: 00
1456 -> 1456: 00
1457 -> 1457: 00
1458 -> 1458: 00
1459 -> 1459: 00
1460 -> 1460: 00
1461 -> 1461: 00
1462 -> 1462: 00
1463 -> 1463: 00
1464 -> 1464: 00
1465 -> 1465: 00
1466 -> 1466: 00
1467 -> 1467: 00
1468 -> 1468: 00
1469 -> 1469: 00
1470 -> 1470: 00
1471 -> 1471: 00
1472 -> 1472: 00
1473 -> 1473: 00
1474 -> 1474: 00
1475 -> 1475: 00
1476 -> 1476: 00
1477 -> 1477: 00
1478 -> 1478: 00
1479 -> 1479: 00
1480 -> 1480: 00
1481 -> 1481: 00
1482 -> 1482: 00
1483 -> 1483: 00
1484 -> 1484: 00
1485 -> 1485: 00
1486 -> 1486: 00
1487 -> 1487: 00
1488 -> 1488: 00
1489 -> 1489: 00
1490 -> 1490: 00
1491 -> 1491: 00
1492 -> 1492: 00
1493 -> 1493: 00
1494 -> 1494: 00
1495 -> 1495: 00
1496 -> 1496: 00
1497 -> 1497: 00
1498 -> 1498: 00
1499 -> 1499: 00
1500 -> 1500: 00
1501 -> 1501: 00
1502 -> 1502: 00
1503 -> 1503: 00
1504 -> 1504: 00
1505 -> 1505: 00
1506 -> 1506: 00
1507 -> 1507: 00
1508 -> 1508: 00
1509 -> 1509: 00
1510 -> 1510: 00
1511 -> 1511: 00
1512 -> 1512: 00
1513 -> 1513: 00
1514 -> 1514: 00
1515 -> 1515: 00
1516 -> 1516: 00
1517 -> 1517: 00
1518 -> 1518: 00
1519 -> 1519: 00
1520 -> 1520: 00
1521 -> 1521: 00
1522 -> 1522: 00
1523 -> 1523: 00
1524 -> 1524: 00
1525 -> 1525: 00
1526 -> 1526: 00
1527 -> 1527: 00
1528 -> 1528: 00
1529 -> 1529: 00
1530 -> 1530: 00
1531 -> 1531: 00
1532 -> 1532: 00
1533 -> 1533: 00
1534 -> 1534: 00
1535 -> 1535: 00
1536 -> 1536: 00
1537 -> 1537: 00
1538 -> 1538: 00
1539 -> 1539: 00
1540 -> 1540: 00
1541 -> 1541: 00
1542 -> 1542: 00
1543 -> 1543: 00
1544 -> 1544: 00
1545 -> 1545: 00
1546 -> 1546: 00
1547 -> 1547: 00
1548 -> 1548: 00
1549 -> 1549: 00
1550 -> 1550: 00
1551 -> 1551: 00
1552 -> 1552: 00
1553 -> 1553: 00
1554 -> 1554: 00
1555 -> 1555: 00
1556 -> 1556: 00
1557 -> 1557: 00
1558 -> 1558: 00
1559 -> 1559: 00
1560 -> 1560: 00
1561 -> 1561: 00
1562 -> 1562: 00
1563 -> 1563: 00
1564 -> 1564: 00
1565 -> 1565: 00
1566 -> 1566: 00
1567 -> 1567: 00
1568 -> 1568: 00
1569 -> 1569: 00
1570 -> 1570: 00
1571 -> 1571: 00
1572 -> 1572: 00
1573 -> 1573: 00
1574 -> 1574: 00
1575 -> 1575: 00
1576 -> 1576: 00
1577 -> 1577: 00
1578 -> 1578: 00
1579 -> 1579: 00
1580 -> 1580: 00
1581 -> 1581: 00
1582 -> 1582: 00
1583 -> 1583: 00
1584 -> 1584: 00
1585 -> 1585: 00
1586 -> 1586: 00
1587 -> 1587: 00
1588 -> 1588: 00
1589 -> 1589: 00
1590 -> 1590: 00
1591 -> 1591: 00
1592 -> 1592: 00
1593 -> 1593: 00
1594 -> 1594: 00
1595 -> 1595: 00
1596 -> 1596: 00
1597 -> 1597: 00
1598 -> 1598: 00
1599 -> 1599: 00
1600 -> 1600: 00
1601 -> 1601: 00
1602 -> 1602: 00
1603 -> 1603: 00
1604 -> 1604: 00
1605 -> 1605: 00
1606 -> 1606: 00
1607 -> 1607: 00
1608 -> 1608: 00
1609 -> 1609: 00
1610 -> 1610: 00
1611 -> 1611: 00
1612 -> 1612: 00
1613 -> 1613: 00
1614 -> 1614: 00
1615 -> 1615: 00
1616 -> 1616: 00
1617 -> 1617: 00
1618 -> 1618: 00
1619 -> 1619: 00
1620 -> 1620: 00
1621 -> 1621: 00
1622 -> 1622: 00
1623 -> 1623: 00
1624 -> 1624: 00
1625 -> 1625: 00
1626 -> 1626: 00
1627 -> 1627: 00
1628 -> 1628: 00
1629 -> 1629: 00
1630 -> 1630: 00
1631 -> 1631: 00
1632 -> 1632: 00
1633 -> 1633: 00
1634 -> 1634: 00
1635 -> 1635: 00
1636 -> 1636: 00
1637 -> 1637: 00
1638 -> 1638: 00
1639 -> 1639: 00
1640 -> 1640: 00
1641 -> 1641: 00
1642 -> 1642: 00
1643 -> 1643: 00
1644 -> 1644: 00
1645 -> 1645: 00
1646 -> 1646: 00
1647 -> 1647: 00
1648 -> 1648: 00
1649 -> 1649: 00
1650 -> 1650: 00
1651 -> 1651: 00
1652 -> 1652: 00
1653 -> 1653: 00
1654 -> 1654: 00
1655 -> 1655: 00
1656 -> 1656: 00
1657 -> 1657: 00
1658 -> 1658: 00
1659 -> 1659: 00
1660 -> 1660: 00
1661 -> 1661: 00
1662 -> 1662: 00
1663 -> 1663: 00
'../test/sort'
Address Space for thread main: 
0 -> 1664: 34
1 -> 1665: 00
2 -> 1666: 00
3 -> 1667: 0c
4 -> 1668: 00
5 -> 1669: 00
6 -> 1670: 00
7 -> 1671: 00
8 -> 1672: 08
9 -> 1673: 00
10 -> 1674: 00
11 -> 1675: 0c
12 -> 1676: 21
13 -> 1677: 20
14 -> 1678: 00
15 -> 1679: 00
16 -> 1680: 00
17 -> 1681: 00
18 -> 1682: 02
19 -> 1683: 24
20 -> 1684: 0c
21 -> 1685: 00
22 -> 1686: 00
23 -> 1687: 00
24 -> 1688: 08
25 -> 1689: 00
26 -> 1690: e0
27 -> 1691: 03
28 -> 1692: 00
29 -> 1693: 00
30 -> 1694: 00
31 -> 1695: 00
32 -> 1696: 01
33 -> 1697: 00
34 -> 1698: 02
35 -> 1699: 24
36 -> 1700: 0c
37 -> 1701: 00
38 -> 1702: 00
39 -> 1703: 00
40 -> 1704: 08
41 -> 1705: 00
42 -> 1706: e0
43 -> 1707: 03
44 -> 1708: 00
45 -> 1709: 00
46 -> 1710: 00
47 -> 1711: 00
48 -> 1712: 02
49 -> 1713: 00
50 -> 1714: 02
51 -> 1715: 24
52 -> 1716: 0c
53 -> 1717: 00
54 -> 1718: 00
55 -> 1719: 00
56 -> 1720: 08
57 -> 1721: 00
58 -> 1722: e0
59 -> 1723: 03
60 -> 1724: 00
61 -> 1725: 00
62 -> 1726: 00
63 -> 1727: 00
64 -> 1728: 03
65 -> 1729: 00
66 -> 1730: 02
67 -> 1731: 24
68 -> 1732: 0c
69 -> 1733: 00
70 -> 1734: 00
71 -> 1735: 00
72 -> 1736: 08
73 -> 1737: 00
74 -> 1738: e0
75 -> 1739: 03
76 -> 1740: 00
77 -> 1741: 00
78 -> 1742: 00
79 -> 1743: 00
80 -> 1744: 04
81 -> 1745: 00
82 -> 1746: 02
83 -> 1747: 24
84 -> 1748: 0c
85 -> 1749: 00
86 -> 1750: 00
87 -> 1751: 00
88 -> 1752: 08
89 -> 1753: 00
90 -> 1754: e0
91 -> 1755: 03
92 -> 1756: 00
93 -> 1757: 00
94 -> 1758: 00
95 -> 1759: 00
96 -> 1760: 05
97 -> 1761: 00
98 -> 1762: 02
99 -> 1763: 24
100 -> 1764: 0c
101 -> 1765: 00
102 -> 1766: 00
103 -> 1767: 00
104 -> 1768: 08
105 -> 1769: 00
106 -> 1770: e0
107 -> 1771: 03
108 -> 1772: 00
109 -> 1773: 00
110 -> 1774: 00
111 -> 1775: 00
112 -> 1776: 06
113 -> 1777: 00
114 -> 1778: 02
115 -> 1779: 24
116 -> 1780: 0c
117 -> 1781: 00
118 -> 1782: 00
119 -> 1783: 00
120 -> 1784: 08
121 -> 1785: 00
122 -> 1786: e0
123 -> 1787: 03
124 -> 1788: 00
125 -> 1789: 00
126 -> 1790: 00
127 -> 1791: 00
128 -> 1792: 07
129 -> 1793: 00
130 -> 1794: 02
131 -> 1795: 24
132 -> 1796: 0c
133 -> 1797: 00
134 -> 1798: 00
135 -> 1799: 00
136 -> 1800: 08
137 -> 1801: 00
138 -> 1802: e0
139 -> 1803: 03
140 -> 1804: 00
141 -> 1805: 00
142 -> 1806: 00
143 -> 1807: 00
144 -> 1808: 08
145 -> 1809: 00
146 -> 1810: 02
147 -> 1811: 24
148 -> 1812: 0c
149 -> 1813: 00
150 -> 1814: 00
151 -> 1815: 00
152 -> 1816: 08
153 -> 1817: 00
154 -> 1818: e0
155 -> 1819: 03
156 -> 1820: 00
157 -> 1821: 00
158 -> 1822: 00
159 -> 1823: 00
160 -> 1824: 09
161 -> 1825: 00
162 -> 1826: 02
163 -> 1827: 24
164 -> 1828: 0c
165 -> 1829: 00
166 -> 1830: 00
167 -> 1831: 00
168 -> 1832: 08
169 -> 1833: 00
170 -> 1834: e0
171 -> 1835: 03
172 -> 1836: 00
173 -> 1837: 00
174 -> 1838: 00
175 -> 1839: 00
176 -> 1840: 0a
177 -> 1841: 00
178 -> 1842: 02
179 -> 1843: 24
180 -> 1844: 0c
181 -> 1845: 00
182 -> 1846: 00
183 -> 1847: 00
184 -> 1848: 08
185 -> 1849: 00
186 -> 1850: e0
187 -> 1851: 03
188 -> 1852: 00
189 -> 1853: 00
190 -> 1854: 00
191 -> 1855: 00
192 -> 1856: 08
193 -> 1857: 00
194 -> 1858: e0
195 -> 1859: 03
196 -> 1860: 00
197 -> 1861: 00
198 -> 1862: 00
199 -> 1863: 00
200 -> 1864: 00
201 -> 1865: 00
202 -> 1866: 00
203 -> 1867: 00
204 -> 1868: 00
205 -> 1869: 00
206 -> 1870: 00
207 -> 1871: 00
208 -> 1872: d8
209 -> 1873: ff
210 -> 1874: bd
211 -> 1875: 27
212 -> 1876: 24
213 -> 1877: 00
214 -> 1878: bf
215 -> 1879: af
216 -> 1880: 20
217 -> 1881: 00
218 -> 1882: be
219 -> 1883: af
220 -> 1884: 30
221 -> 1885: 00
222 -> 1886: 00
223 -> 1887: 0c
224 -> 1888: 21
225 -> 1889: f0
226 -> 1890: a0
227 -> 1891: 03
228 -> 1892: 10
229 -> 1893: 00
230 -> 1894: c0
231 -> 1895: af
232 -> 1896: 10
233 -> 1897: 00
234 -> 1898: c2
235 -> 1899: 8f
236 -> 1900: 00
237 -> 1901: 00
238 -> 1902: 00
239 -> 1903: 00
240 -> 1904: 0a
241 -> 1905: 00
242 -> 1906: 42
243 -> 1907: 28
244 -> 1908: 03
245 -> 1909: 00
246 -> 1910: 40
247 -> 1911: 14
248 -> 1912: 00
249 -> 1913: 00
250 -> 1914: 00
251 -> 1915: 00
252 -> 1916: 51
253 -> 1917: 00
254 -> 1918: 00
255 -> 1919: 08
256 -> 1920: 00
257 -> 1921: 00
258 -> 1922: 00
259 -> 1923: 00
260 -> 1924: 10
261 -> 1925: 00
262 -> 1926: c2
263 -> 1927: 8f
264 -> 1928: 00
265 -> 1929: 00
266 -> 1930: 00
267 -> 1931: 00
268 -> 1932: 80
269 -> 1933: 18
270 -> 1934: 02
271 -> 1935: 00
272 -> 1936: 00
273 -> 1937: 00
274 -> 1938: 02
275 -> 1939: 3c
276 -> 1940: b0
277 -> 1941: 02
278 -> 1942: 42
279 -> 1943: 24
280 -> 1944: 21
281 -> 1945: 20
282 -> 1946: 62
283 -> 1947: 00
284 -> 1948: 0a
285 -> 1949: 00
286 -> 1950: 03
287 -> 1951: 24
288 -> 1952: 10
289 -> 1953: 00
290 -> 1954: c2
291 -> 1955: 8f
292 -> 1956: 00
293 -> 1957: 00
294 -> 1958: 00
295 -> 1959: 00
296 -> 1960: 23
297 -> 1961: 10
298 -> 1962: 62
299 -> 1963: 00
300 -> 1964: 00
301 -> 1965: 00
302 -> 1966: 82
303 -> 1967: ac
304 -> 1968: 10
305 -> 1969: 00
306 -> 1970: c2
307 -> 1971: 8f
308 -> 1972: 00
309 -> 1973: 00
310 -> 1974: 00
311 -> 1975: 00
312 -> 1976: 01
313 -> 1977: 00
314 -> 1978: 42
315 -> 1979: 24
316 -> 1980: 3a
317 -> 1981: 00
318 -> 1982: 00
319 -> 1983: 08
320 -> 1984: 10
321 -> 1985: 00
322 -> 1986: c2
323 -> 1987: af
324 -> 1988: 10
325 -> 1989: 00
326 -> 1990: c0
327 -> 1991: af
328 -> 1992: 10
329 -> 1993: 00
330 -> 1994: c2
331 -> 1995: 8f
332 -> 1996: 00
333 -> 1997: 00
334 -> 1998: 00
335 -> 1999: 00
336 -> 2000: 09
337 -> 2001: 00
338 -> 2002: 42
339 -> 2003: 28
340 -> 2004: 03
341 -> 2005: 00
342 -> 2006: 40
343 -> 2007: 14
344 -> 2008: 00
345 -> 2009: 00
346 -> 2010: 00
347 -> 2011: 00
348 -> 2012: a2
349 -> 2013: 00
350 -> 2014: 00
351 -> 2015: 08
352 -> 2016: 00
353 -> 2017: 00
354 -> 2018: 00
355 -> 2019: 00
356 -> 2020: 14
357 -> 2021: 00
358 -> 2022: c0
359 -> 2023: af
360 -> 2024: 09
361 -> 2025: 00
362 -> 2026: 03
363 -> 2027: 24
364 -> 2028: 10
365 -> 2029: 00
366 -> 2030: c2
367 -> 2031: 8f
368 -> 2032: 00
369 -> 2033: 00
370 -> 2034: 00
371 -> 2035: 00
372 -> 2036: 23
373 -> 2037: 18
374 -> 2038: 62
375 -> 2039: 00
376 -> 2040: 14
377 -> 2041: 00
378 -> 2042: c2
379 -> 2043: 8f
380 -> 2044: 00
381 -> 2045: 00
382 -> 2046: 00
383 -> 2047: 00
384 -> 2048: 2a
385 -> 2049: 10
386 -> 2050: 43
387 -> 2051: 00
388 -> 2052: 03
389 -> 2053: 00
390 -> 2054: 40
391 -> 2055: 14
392 -> 2056: 00
393 -> 2057: 00
394 -> 2058: 00
395 -> 2059: 00
396 -> 2060: 9d
397 -> 2061: 00
398 -> 2062: 00
399 -> 2063: 08
400 -> 2064: 00
401 -> 2065: 00
402 -> 2066: 00
403 -> 2067: 00
404 -> 2068: 14
405 -> 2069: 00
406 -> 2070: c2
407 -> 2071: 8f
408 -> 2072: 00
409 -> 2073: 00
410 -> 2074: 00
411 -> 2075: 00
412 -> 2076: 80
413 -> 2077: 18
414 -> 2078: 02
415 -> 2079: 00
416 -> 2080: 00
417 -> 2081: 00
418 -> 2082: 02
419 -> 2083: 3c
420 -> 2084: b0
421 -> 2085: 02
422 -> 2086: 42
423 -> 2087: 24
424 -> 2088: 21
425 -> 2089: 20
426 -> 2090: 62
427 -> 2091: 00
428 -> 2092: 14
429 -> 2093: 00
430 -> 2094: c2
431 -> 2095: 8f
432 -> 2096: 00
433 -> 2097: 00
434 -> 2098: 00
435 -> 2099: 00
436 -> 2100: 80
437 -> 2101: 18
438 -> 2102: 02
439 -> 2103: 00
440 -> 2104: 00
441 -> 2105: 00
442 -> 2106: 02
443 -> 2107: 3c
444 -> 2108: b4
445 -> 2109: 02
446 -> 2110: 42
447 -> 2111: 24
448 -> 2112: 21
449 -> 2113: 10
450 -> 2114: 62
451 -> 2115: 00
452 -> 2116: 00
453 -> 2117: 00
454 -> 2118: 83
455 -> 2119: 8c
456 -> 2120: 00
457 -> 2121: 00
458 -> 2122: 42
459 -> 2123: 8c
460 -> 2124: 00
461 -> 2125: 00
462 -> 2126: 00
463 -> 2127: 00
464 -> 2128: 2a
465 -> 2129: 10
466 -> 2130: 43
467 -> 2131: 00
468 -> 2132: 22
469 -> 2133: 00
470 -> 2134: 40
471 -> 2135: 10
472 -> 2136: 00
473 -> 2137: 00
474 -> 2138: 00
475 -> 2139: 00
476 -> 2140: 14
477 -> 2141: 00
478 -> 2142: c2
479 -> 2143: 8f
480 -> 2144: 00
481 -> 2145: 00
482 -> 2146: 00
483 -> 2147: 00
484 -> 2148: 80
485 -> 2149: 18
486 -> 2150: 02
487 -> 2151: 00
488 -> 2152: 00
489 -> 2153: 00
490 -> 2154: 02
491 -> 2155: 3c
492 -> 2156: b0
493 -> 2157: 02
494 -> 2158: 42
495 -> 2159: 24
496 -> 2160: 21
497 -> 2161: 10
498 -> 2162: 62
499 -> 2163: 00
500 -> 2164: 00
501 -> 2165: 00
502 -> 2166: 42
503 -> 2167: 8c
504 -> 2168: 00
505 -> 2169: 00
506 -> 2170: 00
507 -> 2171: 00
508 -> 2172: 18
509 -> 2173: 00
510 -> 2174: c2
511 -> 2175: af
512 -> 2176: 14
513 -> 2177: 00
514 -> 2178: c2
515 -> 2179: 8f
516 -> 2180: 00
517 -> 2181: 00
518 -> 2182: 00
519 -> 2183: 00
520 -> 2184: 80
521 -> 2185: 18
522 -> 2186: 02
523 -> 2187: 00
524 -> 2188: 00
525 -> 2189: 00
526 -> 2190: 02
527 -> 2191: 3c
528 -> 2192: b0
529 -> 2193: 02
530 -> 2194: 42
531 -> 2195: 24
532 -> 2196: 21
533 -> 2197: 20
534 -> 2198: 62
535 -> 2199: 00
536 -> 2200: 14
537 -> 2201: 00
538 -> 2202: c2
539 -> 2203: 8f
540 -> 2204: 00
541 -> 2205: 00
542 -> 2206: 00
543 -> 2207: 00
544 -> 2208: 80
545 -> 2209: 18
546 -> 2210: 02
547 -> 2211: 00
548 -> 2212: 00
549 -> 2213: 00
550 -> 2214: 02
551 -> 2215: 3c
552 -> 2216: b4
553 -> 2217: 02
554 -> 2218: 42
555 -> 2219: 24
556 -> 2220: 21
557 -> 2221: 10
558 -> 2222: 62
559 -> 2223: 00
560 -> 2224: 00
561 -> 2225: 00
562 -> 2226: 42
563 -> 2227: 8c
564 -> 2228: 00
565 -> 2229: 00
566 -> 2230: 00
567 -> 2231: 00
568 -> 2232: 00
569 -> 2233: 00
570 -> 2234: 82
571 -> 2235: ac
572 -> 2236: 14
573 -> 2237: 00
574 -> 2238: c2
575 -> 2239: 8f
576 -> 2240: 00
577 -> 2241: 00
578 -> 2242: 00
579 -> 2243: 00
580 -> 2244: 80
581 -> 2245: 18
582 -> 2246: 02
583 -> 2247: 00
584 -> 2248: 00
585 -> 2249: 00
586 -> 2250: 02
587 -> 2251: 3c
588 -> 2252: b4
589 -> 2253: 02
590 -> 2254: 42
591 -> 2255: 24
592 -> 2256: 21
593 -> 2257: 18
594 -> 2258: 62
595 -> 2259: 00
596 -> 2260: 18
597 -> 2261: 00
598 -> 2262: c2
599 -> 2263: 8f
600 -> 2264: 00
601 -> 2265: 00
602 -> 2266: 00
603 -> 2267: 00
604 -> 2268: 00
605 -> 2269: 00
606 -> 2270: 62
607 -> 2271: ac
608 -> 2272: 14
609 -> 2273: 00
610 -> 2274: c2
611 -> 2275: 8f
612 -> 2276: 00
613 -> 2277: 00
614 -> 2278: 00
615 -> 2279: 00
616 -> 2280: 01
617 -> 2281: 00
618 -> 2282: 42
619 -> 2283: 24
620 -> 2284: 5a
621 -> 2285: 00
622 -> 2286: 00
623 -> 2287: 08
624 -> 2288: 14
625 -> 2289: 00
626 -> 2290: c2
627 -> 2291: af
628 -> 2292: 10
629 -> 2293: 00
630 -> 2294: c2
631 -> 2295: 8f
632 -> 2296: 00
633 -> 2297: 00
634 -> 2298: 00
635 -> 2299: 00
636 -> 2300: 01
637 -> 2301: 00
638 -> 2302: 42
639 -> 2303: 24
640 -> 2304: 52
641 -> 2305: 00
642 -> 2306: 00
643 -> 2307: 08
644 -> 2308: 10
645 -> 2309: 00
646 -> 2310: c2
647 -> 2311: af
648 -> 2312: 00
649 -> 2313: 00
650 -> 2314: 04
651 -> 2315: 3c
652 -> 2316: b0
653 -> 2317: 02
654 -> 2318: 84
655 -> 2319: 8c
656 -> 2320: 08
657 -> 2321: 00
658 -> 2322: 00
659 -> 2323: 0c
660 -> 2324: 00
661 -> 2325: 00
662 -> 2326: 00
663 -> 2327: 00
664 -> 2328: 21
665 -> 2329: e8
666 -> 2330: c0
667 -> 2331: 03
668 -> 2332: 24
669 -> 2333: 00
670 -> 2334: bf
671 -> 2335: 8f
672 -> 2336: 20
673 -> 2337: 00
674 -> 2338: be
675 -> 2339: 8f
676 -> 2340: 08
677 -> 2341: 00
678 -> 2342: e0
679 -> 2343: 03
680 -> 2344: 28
681 -> 2345: 00
682 -> 2346: bd
683 -> 2347: 27
684 -> 2348: 00
685 -> 2349: 00
686 -> 2350: 00
687 -> 2351: 00
688 -> 2352: 00
689 -> 2353: 00
690 -> 2354: 00
691 -> 2355: 00
692 -> 2356: 00
693 -> 2357: 00
694 -> 2358: 00
695 -> 2359: 00
696 -> 2360: 00
697 -> 2361: 00
698 -> 2362: 00
699 -> 2363: 00
700 -> 2364: 00
701 -> 2365: 00
702 -> 2366: 00
703 -> 2367: 00
704 -> 2368: 00
705 -> 2369: 00
706 -> 2370: 00
707 -> 2371: 00
708 -> 2372: 00
709 -> 2373: 00
710 -> 2374: 00
711 -> 2375: 00
712 -> 2376: 00
713 -> 2377: 00
714 -> 2378: 00
715 -> 2379: 00
716 -> 2380: 00
717 -> 2381: 00
718 -> 2382: 00
719 -> 2383: 00
720 -> 2384: 00
721 -> 2385: 00
722 -> 2386: 00
723 -> 2387: 00
724 -> 2388: 00
725 -> 2389: 00
726 -> 2390: 00
727 -> 2391: 00
728 -> 2392: 00
729 -> 2393: 00
730 -> 2394: 00
731 -> 2395: 00
732 -> 2396: 00
733 -> 2397: 00
734 -> 2398: 00
735 -> 2399: 00
736 -> 2400: 00
737 -> 2401: 00
738 -> 2402: 00
739 -> 2403: 00
740 -> 2404: 00
741 -> 2405: 00
742 -> 2406: 00
743 -> 2407: 00
744 -> 2408: 00
745 -> 2409: 00
746 -> 2410: 00
747 -> 2411: 00
748 -> 2412: 00
749 -> 2413: 00
750 -> 2414: 00
751 -> 2415: 00
752 -> 2416: 00
753 -> 2417: 00
754 -> 2418: 00
755 -> 2419: 00
756 -> 2420: 00
757 -> 2421: 00
758 -> 2422: 00
759 -> 2423: 00
760 -> 2424: 00
761 -> 2425: 00
762 -> 2426: 00
763 -> 2427: 00
764 -> 2428: 00
765 -> 2429: 00
766 -> 2430: 00
767 -> 2431: 00
768 -> 2432: 00
769 -> 2433: 00
770 -> 2434: 00
771 -> 2435: 00
772 -> 2436: 00
773 -> 2437: 00
774 -> 2438: 00
775 -> 2439: 00
776 -> 2440: 00
777 -> 2441: 00
778 -> 2442: 00
779 -> 2443: 00
780 -> 2444: 00
781 -> 2445: 00
782 -> 2446: 00
783 -> 2447: 00
784 -> 2448: 00
785 -> 2449: 00
786 -> 2450: 00
787 -> 2451: 00
788 -> 2452: 00
789 -> 2453: 00
790 -> 2454: 00
791 -> 2455: 00
792 -> 2456: 00
793 -> 2457: 00
794 -> 2458: 00
795 -> 2459: 00
796 -> 2460: 00
797 -> 2461: 00
798 -> 2462: 00
799 -> 2463: 00
800 -> 2464: 00
801 -> 2465: 00
802 -> 2466: 00
803 -> 2467: 00
804 -> 2468: 00
805 -> 2469: 00
806 -> 2470: 00
807 -> 2471: 00
808 -> 2472: 00
809 -> 2473: 00
810 -> 2474: 00
811 -> 2475: 00
812 -> 2476: 00
813 -> 2477: 00
814 -> 2478: 00
815 -> 2479: 00
816 -> 2480: 00
817 -> 2481: 00
818 -> 2482: 00
819 -> 2483: 00
820 -> 2484: 00
821 -> 2485: 00
822 -> 2486: 00
823 -> 2487: 00
824 -> 2488: 00
825 -> 2489: 00
826 -> 2490: 00
827 -> 2491: 00
828 -> 2492: 00
829 -> 2493: 00
830 -> 2494: 00
831 -> 2495: 00
832 -> 2496: 00
833 -> 2497: 00
834 -> 2498: 00
835 -> 2499: 00
836 -> 2500: 00
837 -> 2501: 00
838 -> 2502: 00
839 -> 2503: 00
840 -> 2504: 00
841 -> 2505: 00
842 -> 2506: 00
843 -> 2507: 00
844 -> 2508: 00
845 -> 2509: 00
846 -> 2510: 00
847 -> 2511: 00
848 -> 2512: 00
849 -> 2513: 00
850 -> 2514: 00
851 -> 2515: 00
852 -> 2516: 00
853 -> 2517: 00
854 -> 2518: 00
855 -> 2519: 00
856 -> 2520: 00
857 -> 2521: 00
858 -> 2522: 00
859 -> 2523: 00
860 -> 2524: 00
861 -> 2525: 00
862 -> 2526: 00
863 -> 2527: 00
864 -> 2528: 00
865 -> 2529: 00
866 -> 2530: 00
867 -> 2531: 00
868 -> 2532: 00
869 -> 2533: 00
870 -> 2534: 00
871 -> 2535: 00
872 -> 2536: 00
873 -> 2537: 00
874 -> 2538: 00
875 -> 2539: 00
876 -> 2540: 00
877 -> 2541: 00
878 -> 2542: 00
879 -> 2543: 00
880 -> 2544: 00
881 -> 2545: 00
882 -> 2546: 00
883 -> 2547: 00
884 -> 2548: 00
885 -> 2549: 00
886 -> 2550: 00
887 -> 2551: 00
888 -> 2552: 00
889 -> 2553: 00
890 -> 2554: 00
891 -> 2555: 00
892 -> 2556: 00
893 -> 2557: 00
894 -> 2558: 00
895 -> 2559: 00
896 -> 2560: 00
897 -> 2561: 00
898 -> 2562: 00
899 -> 2563: 00
900 -> 2564: 00
901 -> 2565: 00
902 -> 2566: 00
903 -> 2567: 00
904 -> 2568: 00
905 -> 2569: 00
906 -> 2570: 00
907 -> 2571: 00
908 -> 2572: 00
909 -> 2573: 00
910 -> 2574: 00
911 -> 2575: 00
912 -> 2576: 00
913 -> 2577: 00
914 -> 2578: 00
915 -> 2579: 00
916 -> 2580: 00
917 -> 2581: 00
918 -> 2582: 00
919 -> 2583: 00
920 -> 2584: 00
921 -> 2585: 00
922 -> 2586: 00
923 -> 2587: 00
924 -> 2588: 00
925 -> 2589: 00
926 -> 2590: 00
927 -> 2591: 00
928 -> 2592: 00
929 -> 2593: 00
930 -> 2594: 00
931 -> 2595: 00
932 -> 2596: 00
933 -> 2597: 00
934 -> 2598: 00
935 -> 2599: 00
936 -> 2600: 00
937 -> 2601: 00
938 -> 2602: 00
939 -> 2603: 00
940 -> 2604: 00
941 -> 2605: 00
942 -> 2606: 00
943 -> 2607: 00
944 -> 2608: 00
945 -> 2609: 00
946 -> 2610: 00
947 -> 2611: 00
948 -> 2612: 00
949 -> 2613: 00
950 -> 2614: 00
951 -> 2615: 00
952 -> 2616: 00
953 -> 2617: 00
954 -> 2618: 00
955 -> 2619: 00
956 -> 2620: 00
957 -> 2621: 00
958 -> 2622: 00
959 -> 2623: 00
960 -> 2624: 00
961 -> 2625: 00
962 -> 2626: 00
963 -> 2627: 00
964 -> 2628: 00
965 -> 2629: 00
966 -> 2630: 00
967 -> 2631: 00
968 -> 2632: 00
969 -> 2633: 00
970 -> 2634: 00
971 -> 2635: 00
972 -> 2636: 00
973 -> 2637: 00
974 -> 2638: 00
975 -> 2639: 00
976 -> 2640: 00
977 -> 2641: 00
978 -> 2642: 00
979 -> 2643: 00
980 -> 2644: 00
981 -> 2645: 00
982 -> 2646: 00
983 -> 2647: 00
984 -> 2648: 00
985 -> 2649: 00
986 -> 2650: 00
987 -> 2651: 00
988 -> 2652: 00
989 -> 2653: 00
990 -> 2654: 00
991 -> 2655: 00
992 -> 2656: 00
993 -> 2657: 00
994 -> 2658: 00
995 -> 2659: 00
996 -> 2660: 00
997 -> 2661: 00
998 -> 2662: 00
999 -> 2663: 00
1000 -> 2664: 00
1001 -> 2665: 00
1002 -> 2666: 00
1003 -> 2667: 00
1004 -> 2668: 00
1005 -> 2669: 00
1006 -> 2670: 00
1007 -> 2671: 00
1008 -> 2672: 00
1009 -> 2673: 00
1010 -> 2674: 00
1011 -> 2675: 00
1012 -> 2676: 00
1013 -> 2677: 00
1014 -> 2678: 00
1015 -> 2679: 00
1016 -> 2680: 00
1017 -> 2681: 00
1018 -> 2682: 00
1019 -> 2683: 00
1020 -> 2684: 00
1021 -> 2685: 00
1022 -> 2686: 00
1023 -> 2687: 00
1024 -> 2688: 00
1025 -> 2689: 00
1026 -> 2690: 00
1027 -> 2691: 00
1028 -> 2692: 00
1029 -> 2693: 00
1030 -> 2694: 00
1031 -> 2695: 00
1032 -> 2696: 00
1033 -> 2697: 00
1034 -> 2698: 00
1035 -> 2699: 00
1036 -> 2700: 00
1037 -> 2701: 00
1038 -> 2702: 00
1039 -> 2703: 00
1040 -> 2704: 00
1041 -> 2705: 00
1042 -> 2706: 00
1043 -> 2707: 00
1044 -> 2708: 00
1045 -> 2709: 00
1046 -> 2710: 00
1047 -> 2711: 00
1048 -> 2712: 00
1049 -> 2713: 00
1050 -> 2714: 00
1051 -> 2715: 00
1052 -> 2716: 00
1053 -> 2717: 00
1054 -> 2718: 00
1055 -> 2719: 00
1056 -> 2720: 00
1057 -> 2721: 00
1058 -> 2722: 00
1059 -> 2723: 00
1060 -> 2724: 00
1061 -> 2725: 00
1062 -> 2726: 00
1063 -> 2727: 00
1064 -> 2728: 00
1065 -> 2729: 00
1066 -> 2730: 00
1067 -> 2731: 00
1068 -> 2732: 00
1069 -> 2733: 00
1070 -> 2734: 00
1071 -> 2735: 00
1072 -> 2736: 00
1073 -> 2737: 00
1074 -> 2738: 00
1075 -> 2739: 00
1076 -> 2740: 00
1077 -> 2741: 00
1078 -> 2742: 00
1079 -> 2743: 00
1080 -> 2744: 00
1081 -> 2745: 00
1082 -> 2746: 00
1083 -> 2747: 00
1084 -> 2748: 00
1085 -> 2749: 00
1086 -> 2750: 00
1087 -> 2751: 00
1088 -> 2752: 00
1089 -> 2753: 00
1090 -> 2754: 00
1091 -> 2755: 00
1092 -> 2756: 00
1093 -> 2757: 00
1094 -> 2758: 00
1095 -> 2759: 00
1096 -> 2760: 00
1097 -> 2761: 00
1098 -> 2762: 00
1099 -> 2763: 00
1100 -> 2764: 00
1101 -> 2765: 00
1102 -> 2766: 00
1103 -> 2767: 00
1104 -> 2768: 00
1105 -> 2769: 00
1106 -> 2770: 00
1107 -> 2771: 00
1108 -> 2772: 00
1109 -> 2773: 00
1110 -> 2774: 00
1111 -> 2775: 00
1112 -> 2776: 00
1113 -> 2777: 00
1114 -> 2778: 00
1115 -> 2779: 00
1116 -> 2780: 00
1117 -> 2781: 00
1118 -> 2782: 00
1119 -> 2783: 00
1120 -> 2784: 00
1121 -> 2785: 00
1122 -> 2786: 00
1123 -> 2787: 00
1124 -> 2788: 00
1125 -> 2789: 00
1126 -> 2790: 00
1127 -> 2791: 00
1128 -> 2792: 00
1129 -> 2793: 00
1130 -> 2794: 00
1131 -> 2795: 00
1132 -> 2796: 00
1133 -> 2797: 00
1134 -> 2798: 00
1135 -> 2799: 00
1136 -> 2800: 00
1137 -> 2801: 00
1138 -> 2802: 00
1139 -> 2803: 00
1140 -> 2804: 00
1141 -> 2805: 00
1142 -> 2806: 00
1143 -> 2807: 00
1144 -> 2808: 00
1145 -> 2809: 00
1146 -> 2810: 00
1147 -> 2811: 00
1148 -> 2812: 00
1149 -> 2813: 00
1150 -> 2814: 00
1151 -> 2815: 00
1152 -> 2816: 00
1153 -> 2817: 00
1154 -> 2818: 00
1155 -> 2819: 00
1156 -> 2820: 00
1157 -> 2821: 00
1158 -> 2822: 00
1159 -> 2823: 00
1160 -> 2824: 00
1161 -> 2825: 00
1162 -> 2826: 00
1163 -> 2827: 00
1164 -> 2828: 00
1165 -> 2829: 00
1166 -> 2830: 00
1167 -> 2831: 00
1168 -> 2832: 00
1169 -> 2833: 00
1170 -> 2834: 00
1171 -> 2835: 00
1172 -> 2836: 00
1173 -> 2837: 00
1174 -> 2838: 00
1175 -> 2839: 00
1176 -> 2840: 00
1177 -> 2841: 00
1178 -> 2842: 00
1179 -> 2843: 00
1180 -> 2844: 00
1181 -> 2845: 00
1182 -> 2846: 00
1183 -> 2847: 00
1184 -> 2848: 00
1185 -> 2849: 00
1186 -> 2850: 00
1187 -> 2851: 00
1188 -> 2852: 00
1189 -> 2853: 00
1190 -> 2854: 00
1191 -> 2855: 00
1192 -> 2856: 00
1193 -> 2857: 00
1194 -> 2858: 00
1195 -> 2859: 00
1196 -> 2860: 00
1197 -> 2861: 00
1198 -> 2862: 00
1199 -> 2863: 00
1200 -> 2864: 00
1201 -> 2865: 00
1202 -> 2866: 00
1203 -> 2867: 00
1204 -> 2868: 00
1205 -> 2869: 00
1206 -> 2870: 00
1207 -> 2871: 00
1208 -> 2872: 00
1209 -> 2873: 00
1210 -> 2874: 00
1211 -> 2875: 00
1212 -> 2876: 00
1213 -> 2877: 00
1214 -> 2878: 00
1215 -> 2879: 00
1216 -> 2880: 00
1217 -> 2881: 00
1218 -> 2882: 00
1219 -> 2883: 00
1220 -> 2884: 00
1221 -> 2885: 00
1222 -> 2886: 00
1223 -> 2887: 00
1224 -> 2888: 00
1225 -> 2889: 00
1226 -> 2890: 00
1227 -> 2891: 00
1228 -> 2892: 00
1229 -> 2893: 00
1230 -> 2894: 00
1231 -> 2895: 00
1232 -> 2896: 00
1233 -> 2897: 00
1234 -> 2898: 00
1235 -> 2899: 00
1236 -> 2900: 00
1237 -> 2901: 00
1238 -> 2902: 00
1239 -> 2903: 00
1240 -> 2904: 00
1241 -> 2905: 00
1242 -> 2906: 00
1243 -> 2907: 00
1244 -> 2908: 00
1245 -> 2909: 00
1246 -> 2910: 00
1247 -> 2911: 00
1248 -> 2912: 00
1249 -> 2913: 00
1250 -> 2914: 00
1251 -> 2915: 00
1252 -> 2916: 00
1253 -> 2917: 00
1254 -> 2918: 00
1255 -> 2919: 00
1256 -> 2920: 00
1257 -> 2921: 00
1258 -> 2922: 00
1259 -> 2923: 00
1260 -> 2924: 00
1261 -> 2925: 00
1262 -> 2926: 00
1263 -> 2927: 00
1264 -> 2928: 00
1265 -> 2929: 00
1266 -> 2930: 00
1267 -> 2931: 00
1268 -> 2932: 00
1269 -> 2933: 00
1270 -> 2934: 00
1271 -> 2935: 00
1272 -> 2936: 00
1273 -> 2937: 00
1274 -> 2938: 00
1275 -> 2939: 00
1276 -> 2940: 00
1277 -> 2941: 00
1278 -> 2942: 00
1279 -> 2943: 00
1280 -> 2944: 00
1281 -> 2945: 00
1282 -> 2946: 00
1283 -> 2947: 00
1284 -> 2948: 00
1285 -> 2949: 00
1286 -> 2950: 00
1287 -> 2951: 00
1288 -> 2952: 00
1289 -> 2953: 00
1290 -> 2954: 00
1291 -> 2955: 00
1292 -> 2956: 00
1293 -> 2957: 00
1294 -> 2958: 00
1295 -> 2959: 00
1296 -> 2960: 00
1297 -> 2961: 00
1298 -> 2962: 00
1299 -> 2963: 00
1300 -> 2964: 00
1301 -> 2965: 00
1302 -> 2966: 00
1303 -> 2967: 00
1304 -> 2968: 00
1305 -> 2969: 00
1306 -> 2970: 00
1307 -> 2971: 00
1308 -> 2972: 00
1309 -> 2973: 00
1310 -> 2974: 00
1311 -> 2975: 00
1312 -> 2976: 00
1313 -> 2977: 00
1314 -> 2978: 00
1315 -> 2979: 00
1316 -> 2980: 00
1317 -> 2981: 00
1318 -> 2982: 00
1319 -> 2983: 00
1320 -> 2984: 00
1321 -> 2985: 00
1322 -> 2986: 00
1323 -> 2987: 00
1324 -> 2988: 00
1325 -> 2989: 00
1326 -> 2990: 00
1327 -> 2991: 00
1328 -> 2992: 00
1329 -> 2993: 00
1330 -> 2994: 00
1331 -> 2995: 00
1332 -> 2996: 00
1333 -> 2997: 00
1334 -> 2998: 00
1335 -> 2999: 00
1336 -> 3000: 00
1337 -> 3001: 00
1338 -> 3002: 00
1339 -> 3003: 00
1340 -> 3004: 00
1341 -> 3005: 00
1342 -> 3006: 00
1343 -> 3007: 00
1344 -> 3008: 00
1345 -> 3009: 00
1346 -> 3010: 00
1347 -> 3011: 00
1348 -> 3012: 00
1349 -> 3013: 00
1350 -> 3014: 00
1351 -> 3015: 00
1352 -> 3016: 00
1353 -> 3017: 00
1354 -> 3018: 00
1355 -> 3019: 00
1356 -> 3020: 00
1357 -> 3021: 00
1358 -> 3022: 00
1359 -> 3023: 00
1360 -> 3024: 00
1361 -> 3025: 00
1362 -> 3026: 00
1363 -> 3027: 00
1364 -> 3028: 00
1365 -> 3029: 00
1366 -> 3030: 00
1367 -> 3031: 00
1368 -> 3032: 00
1369 -> 3033: 00
1370 -> 3034: 00
1371 -> 3035: 00
1372 -> 3036: 00
1373 -> 3037: 00
1374 -> 3038: 00
1375 -> 3039: 00
1376 -> 3040: 00
1377 -> 3041: 00
1378 -> 3042: 00
1379 -> 3043: 00
1380 -> 3044: 00
1381 -> 3045: 00
1382 -> 3046: 00
1383 -> 3047: 00
1384 -> 3048: 00
1385 -> 3049: 00
1386 -> 3050: 00
1387 -> 3051: 00
1388 -> 3052: 00
1389 -> 3053: 00
1390 -> 3054: 00
1391 -> 3055: 00
1392 -> 3056: 00
1393 -> 3057: 00
1394 -> 3058: 00
1395 -> 3059: 00
1396 -> 3060: 00
1397 -> 3061: 00
1398 -> 3062: 00
1399 -> 3063: 00
1400 -> 3064: 00
1401 -> 3065: 00
1402 -> 3066: 00
1403 -> 3067: 00
1404 -> 3068: 00
1405 -> 3069: 00
1406 -> 3070: 00
1407 -> 3071: 00
1408 -> 3072: 00
1409 -> 3073: 00
1410 -> 3074: 00
1411 -> 3075: 00
1412 -> 3076: 00
1413 -> 3077: 00
1414 -> 3078: 00
1415 -> 3079: 00
1416 -> 3080: 00
1417 -> 3081: 00
1418 -> 3082: 00
1419 -> 3083: 00
1420 -> 3084: 00
1421 -> 3085: 00
1422 -> 3086: 00
1423 -> 3087: 00
1424 -> 3088: 00
1425 -> 3089: 00
1426 -> 3090: 00
1427 -> 3091: 00
1428 -> 3092: 00
1429 -> 3093: 00
1430 -> 3094: 00
1431 -> 3095: 00
1432 -> 3096: 00
1433 -> 3097: 00
1434 -> 3098: 00
1435 -> 3099: 00
1436 -> 3100: 00
1437 -> 3101: 00
1438 -> 3102: 00
1439 -> 3103: 00
1440 -> 3104: 00
1441 -> 3105: 00
1442 -> 3106: 00
1443 -> 3107: 00
1444 -> 3108: 00
1445 -> 3109: 00
1446 -> 3110: 00
1447 -> 3111: 00
1448 -> 3112: 00
1449 -> 3113: 00
1450 -> 3114: 00
1451 -> 3115: 00
1452 -> 3116: 00
1453 -> 3117: 00
1454 -> 3118: 00
1455 -> 3119: 00
1456 -> 3120: 00
1457 -> 3121: 00
1458 -> 3122: 00
1459 -> 3123: 00
1460 -> 3124: 00
1461 -> 3125: 00
1462 -> 3126: 00
1463 -> 3127: 00
1464 -> 3128: 00
1465 -> 3129: 00
1466 -> 3130: 00
1467 -> 3131: 00
1468 -> 3132: 00
1469 -> 3133: 00
1470 -> 3134: 00
1471 -> 3135: 00
1472 -> 3136: 00
1473 -> 3137: 00
1474 -> 3138: 00
1475 -> 3139: 00
1476 -> 3140: 00
1477 -> 3141: 00
1478 -> 3142: 00
1479 -> 3143: 00
1480 -> 3144: 00
1481 -> 3145: 00
1482 -> 3146: 00
1483 -> 3147: 00
1484 -> 3148: 00
1485 -> 3149: 00
1486 -> 3150: 00
1487 -> 3151: 00
1488 -> 3152: 00
1489 -> 3153: 00
1490 -> 3154: 00
1491 -> 3155: 00
1492 -> 3156: 00
1493 -> 3157: 00
1494 -> 3158: 00
1495 -> 3159: 00
1496 -> 3160: 00
1497 -> 3161: 00
1498 -> 3162: 00
1499 -> 3163: 00
1500 -> 3164: 00
1501 -> 3165: 00
1502 -> 3166: 00
1503 -> 3167: 00
1504 -> 3168: 00
1505 -> 3169: 00
1506 -> 3170: 00
1507 -> 3171: 00
1508 -> 3172: 00
1509 -> 3173: 00
1510 -> 3174: 00
1511 -> 3175: 00
1512 -> 3176: 00
1513 -> 3177: 00
1514 -> 3178: 00
1515 -> 3179: 00
1516 -> 3180: 00
1517 -> 3181: 00
1518 -> 3182: 00
1519 -> 3183: 00
1520 -> 3184: 00
1521 -> 3185: 00
1522 -> 3186: 00
1523 -> 3187: 00
1524 -> 3188: 00
1525 -> 3189: 00
1526 -> 3190: 00
1527 -> 3191: 00
1528 -> 3192: 00
1529 -> 3193: 00
1530 -> 3194: 00
1531 -> 3195: 00
1532 -> 3196: 00
1533 -> 3197: 00
1534 -> 3198: 00
1535 -> 3199: 00
1536 -> 3200: 00
1537 -> 3201: 00
1538 -> 3202: 00
1539 -> 3203: 00
1540 -> 3204: 00
1541 -> 3205: 00
1542 -> 3206: 00
1543 -> 3207: 00
1544 -> 3208: 00
1545 -> 3209: 00
1546 -> 3210: 00
1547 -> 3211: 00
1548 -> 3212: 00
1549 -> 3213: 00
1550 -> 3214: 00
1551 -> 3215: 00
1552 -> 3216: 00
1553 -> 3217: 00
1554 -> 3218: 00
1555 -> 3219: 00
1556 -> 3220: 00
1557 -> 3221: 00
1558 -> 3222: 00
1559 -> 3223: 00
1560 -> 3224: 00
1561 -> 3225: 00
1562 -> 3226: 00
1563 -> 3227: 00
1564 -> 3228: 00
1565 -> 3229: 00
1566 -> 3230: 00
1567 -> 3231: 00
1568 -> 3232: 00
1569 -> 3233: 00
1570 -> 3234: 00
1571 -> 3235: 00
1572 -> 3236: 00
1573 -> 3237: 00
1574 -> 3238: 00
1575 -> 3239: 00
1576 -> 3240: 00
1577 -> 3241: 00
1578 -> 3242: 00
1579 -> 3243: 00
1580 -> 3244: 00
1581 -> 3245: 00
1582 -> 3246: 00
1583 -> 3247: 00
1584 -> 3248: 00
1585 -> 3249: 00
1586 -> 3250: 00
1587 -> 3251: 00
1588 -> 3252: 00
1589 -> 3253: 00
1590 -> 3254: 00
1591 -> 3255: 00
1592 -> 3256: 00
1593 -> 3257: 00
1594 -> 3258: 00
1595 -> 3259: 00
1596 -> 3260: 00
1597 -> 3261: 00
1598 -> 3262: 00
1599 -> 3263: 00
1600 -> 3264: 00
1601 -> 3265: 00
1602 -> 3266: 00
1603 -> 3267: 00
1604 -> 3268: 00
1605 -> 3269: 00
1606 -> 3270: 00
1607 -> 3271: 00
1608 -> 3272: 00
1609 -> 3273: 00
1610 -> 3274: 00
1611 -> 3275: 00
1612 -> 3276: 00
1613 -> 3277: 00
1614 -> 3278: 00
1615 -> 3279: 00
1616 -> 3280: 00
1617 -> 3281: 00
1618 -> 3282: 00
1619 -> 3283: 00
1620 -> 3284: 00
1621 -> 3285: 00
1622 -> 3286: 00
1623 -> 3287: 00
1624 -> 3288: 00
1625 -> 3289: 00
1626 -> 3290: 00
1627 -> 3291: 00
1628 -> 3292: 00
1629 -> 3293: 00
1630 -> 3294: 00
1631 -> 3295: 00
1632 -> 3296: 00
1633 -> 3297: 00
1634 -> 3298: 00
1635 -> 3299: 00
1636 -> 3300: 00
1637 -> 3301: 00
1638 -> 3302: 00
1639 -> 3303: 00
1640 -> 3304: 00
1641 -> 3305: 00
1642 -> 3306: 00
1643 -> 3307: 00
1644 -> 3308: 00
1645 -> 3309: 00
1646 -> 3310: 00
1647 -> 3311: 00
1648 -> 3312: 00
1649 -> 3313: 00
1650 -> 3314: 00
1651 -> 3315: 00
1652 -> 3316: 00
1653 -> 3317: 00
1654 -> 3318: 00
1655 -> 3319: 00
1656 -> 3320: 00
1657 -> 3321: 00
1658 -> 3322: 00
1659 -> 3323: 00
1660 -> 3324: 00
1661 -> 3325: 00
1662 -> 3326: 00
1663 -> 3327: 00
1664 -> 3328: 00
1665 -> 3329: 00
1666 -> 3330: 00
1667 -> 3331: 00
1668 -> 3332: 00
1669 -> 3333: 00
1670 -> 3334: 00
1671 -> 3335: 00
1672 -> 3336: 00
1673 -> 3337: 00
1674 -> 3338: 00
1675 -> 3339: 00
1676 -> 3340: 00
1677 -> 3341: 00
1678 -> 3342: 00
1679 -> 3343: 00
1680 -> 3344: 00
1681 -> 3345: 00
1682 -> 3346: 00
1683 -> 3347: 00
1684 -> 3348: 00
1685 -> 3349: 00
1686 -> 3350: 00
1687 -> 3351: 00
1688 -> 3352: 00
1689 -> 3353: 00
1690 -> 3354: 00
1691 -> 3355: 00
1692 -> 3356: 00
1693 -> 3357: 00
1694 -> 3358: 00
1695 -> 3359: 00
1696 -> 3360: 00
1697 -> 3361: 00
1698 -> 3362: 00
1699 -> 3363: 00
1700 -> 3364: 00
1701 -> 3365: 00
1702 -> 3366: 00
1703 -> 3367: 00
1704 -> 3368: 00
1705 -> 3369: 00
1706 -> 3370: 00
1707 -> 3371: 00
1708 -> 3372: 00
1709 -> 3373: 00
1710 -> 3374: 00
1711 -> 3375: 00
1712 -> 3376: 00
1713 -> 3377: 00
1714 -> 3378: 00
1715 -> 3379: 00
1716 -> 3380: 00
1717 -> 3381: 00
1718 -> 3382: 00
1719 -> 3383: 00
1720 -> 3384: 00
1721 -> 3385: 00
1722 -> 3386: 00
1723 -> 3387: 00
1724 -> 3388: 00
1725 -> 3389: 00
1726 -> 3390: 00
1727 -> 3391: 00
1728 -> 3392: 00
1729 -> 3393: 00
1730 -> 3394: 00
1731 -> 3395: 00
1732 -> 3396: 00
1733 -> 3397: 00
1734 -> 3398: 00
1735 -> 3399: 00
1736 -> 3400: 00
1737 -> 3401: 00
1738 -> 3402: 00
1739 -> 3403: 00
1740 -> 3404: 00
1741 -> 3405: 00
1742 -> 3406: 00
1743 -> 3407: 00
1744 -> 3408: 00
1745 -> 3409: 00
1746 -> 3410: 00
1747 -> 3411: 00
1748 -> 3412: 00
1749 -> 3413: 00
1750 -> 3414: 00
1751 -> 3415: 00
1752 -> 3416: 00
1753 -> 3417: 00
1754 -> 3418: 00
1755 -> 3419: 00
1756 -> 3420: 00
1757 -> 3421: 00
1758 -> 3422: 00
1759 -> 3423: 00
1760 -> 3424: 00
1761 -> 3425: 00
1762 -> 3426: 00
1763 -> 3427: 00
1764 -> 3428: 00
1765 -> 3429: 00
1766 -> 3430: 00
1767 -> 3431: 00
1768 -> 3432: 00
1769 -> 3433: 00
1770 -> 3434: 00
1771 -> 3435: 00
1772 -> 3436: 00
1773 -> 3437: 00
1774 -> 3438: 00
1775 -> 3439: 00
1776 -> 3440: 00
1777 -> 3441: 00
1778 -> 3442: 00
1779 -> 3443: 00
1780 -> 3444: 00
1781 -> 3445: 00
1782 -> 3446: 00
1783 -> 3447: 00
1784 -> 3448: 00
1785 -> 3449: 00
1786 -> 3450: 00
1787 -> 3451: 00
1788 -> 3452: 00
1789 -> 3453: 00
1790 -> 3454: 00
1791 -> 3455: 00
1792 -> 3456: 00
1793 -> 3457: 00
1794 -> 3458: 00
1795 -> 3459: 00
1796 -> 3460: 00
1797 -> 3461: 00
1798 -> 3462: 00
1799 -> 3463: 00
1800 -> 3464: 00
1801 -> 3465: 00
1802 -> 3466: 00
1803 -> 3467: 00
1804 -> 3468: 00
1805 -> 3469: 00
1806 -> 3470: 00
1807 -> 3471: 00
1808 -> 3472: 00
1809 -> 3473: 00
1810 -> 3474: 00
1811 -> 3475: 00
1812 -> 3476: 00
1813 -> 3477: 00
1814 -> 3478: 00
1815 -> 3479: 00
1816 -> 3480: 00
1817 -> 3481: 00
1818 -> 3482: 00
1819 -> 3483: 00
1820 -> 3484: 00
1821 -> 3485: 00
1822 -> 3486: 00
1823 -> 3487: 00
1824 -> 3488: 00
1825 -> 3489: 00
1826 -> 3490: 00
1827 -> 3491: 00
1828 -> 3492: 00
1829 -> 3493: 00
1830 -> 3494: 00
1831 -> 3495: 00
1832 -> 3496: 00
1833 -> 3497: 00
1834 -> 3498: 00
1835 -> 3499: 00
1836 -> 3500: 00
1837 -> 3501: 00
1838 -> 3502: 00
1839 -> 3503: 00
1840 -> 3504: 00
1841 -> 3505: 00
1842 -> 3506: 00
1843 -> 3507: 00
1844 -> 3508: 00
1845 -> 3509: 00
1846 -> 3510: 00
1847 -> 3511: 00
1848 -> 3512: 00
1849 -> 3513: 00
1850 -> 3514: 00
1851 -> 3515: 00
1852 -> 3516: 00
1853 -> 3517: 00
1854 -> 3518: 00
1855 -> 3519: 00
1856 -> 3520: 00
1857 -> 3521: 00
1858 -> 3522: 00
1859 -> 3523: 00
1860 -> 3524: 00
1861 -> 3525: 00
1862 -> 3526: 00
1863 -> 3527: 00
1864 -> 3528: 00
1865 -> 3529: 00
1866 -> 3530: 00
1867 -> 3531: 00
1868 -> 3532: 00
1869 -> 3533: 00
1870 -> 3534: 00
1871 -> 3535: 00
1872 -> 3536: 00
1873 -> 3537: 00
1874 -> 3538: 00
1875 -> 3539: 00
1876 -> 3540: 00
1877 -> 3541: 00
1878 -> 3542: 00
1879 -> 3543: 00
1880 -> 3544: 00
1881 -> 3545: 00
1882 -> 3546: 00
1883 -> 3547: 00
1884 -> 3548: 00
1885 -> 3549: 00
1886 -> 3550: 00
1887 -> 3551: 00
1888 -> 3552: 00
1889 -> 3553: 00
1890 -> 3554: 00
1891 -> 3555: 00
1892 -> 3556: 00
1893 -> 3557: 00
1894 -> 3558: 00
1895 -> 3559: 00
1896 -> 3560: 00
1897 -> 3561: 00
1898 -> 3562: 00
1899 -> 3563: 00
1900 -> 3564: 00
1901 -> 3565: 00
1902 -> 3566: 00
1903 -> 3567: 00
1904 -> 3568: 00
1905 -> 3569: 00
1906 -> 3570: 00
1907 -> 3571: 00
1908 -> 3572: 00
1909 -> 3573: 00
1910 -> 3574: 00
1911 -> 3575: 00
1912 -> 3576: 00
1913 -> 3577: 00
1914 -> 3578: 00
1915 -> 3579: 00
1916 -> 3580: 00
1917 -> 3581: 00
1918 -> 3582: 00
1919 -> 3583: 00
finish: main
switch main -> ../test/testadd
switch ../test/testadd -> ../test/sort
switch ../test/sort -> ../test/testadd
d:main
switch ../test/testadd -> ../test/sort
switch ../test/sort -> ../test/testadd
switch ../test/testadd -> ../test/sort
switch ../test/sort -> ../test/testadd
switch ../test/testadd -> ../test/sort
switch ../test/sort -> ../test/testadd
switch ../test/testadd -> ../test/sort
switch ../test/sort -> ../test/testadd
switch ../test/testadd -> ../test/sort
switch ../test/sort -> ../test/testadd
switch ../test/testadd -> ../test/sort
switch ../test/sort -> ../test/testadd
switch ../test/testadd -> ../test/sort
switch ../test/sort -> ../test/testadd
switch ../test/testadd -> ../test/sort
switch ../test/sort -> ../test/testadd
switch ../test/testadd -> ../test/sort
switch ../test/sort -> ../test/testadd
switch ../test/testadd -> ../test/sort
switch ../test/sort -> ../test/testadd
switch ../test/testadd -> ../test/sort
switch ../test/sort -> ../test/testadd
switch ../test/testadd -> ../test/sort
switch ../test/sort -> ../test/testadd
switch ../test/testadd -> ../test/sort
switch ../test/sort -> ../test/testadd
switch ../test/testadd -> ../test/sort
switch ../test/sort -> ../test/testadd
switch ../test/testadd -> ../test/sort
switch ../test/sort -> ../test/testadd
switch ../test/testadd -> ../test/sort
switch ../test/sort -> ../test/testadd
switch ../test/testadd -> ../test/sort
switch ../test/sort -> ../test/testadd
switch ../test/testadd -> ../test/sort
switch ../test/sort -> ../test/testadd
switch ../test/testadd -> ../test/sort
switch ../test/sort -> ../test/testadd
switch ../test/testadd -> ../test/sort
switch ../test/sort -> ../test/testadd
switch ../test/testadd -> ../test/sort
switch ../test/sort -> ../test/testadd
switch ../test/testadd -> ../test/sort
switch ../test/sort -> ../test/testadd
switch ../test/testadd -> ../test/sort
switch ../test/sort -> ../test/testadd
switch ../test/testadd -> ../test/sort
switch ../test/sort -> ../test/testadd
switch ../test/testadd -> ../test/sort
switch ../test/sort -> ../test/testadd
switch ../test/testadd -> ../test/sort
switch ../test/sort -> ../test/testadd
switch ../test/testadd -> ../test/sort
switch ../test/sort -> ../test/testadd
switch ../test/testadd -> ../test/sort
switch ../test/sort -> ../test/testadd
switch ../test/testadd -> ../test/sort
switch ../test/sort -> ../test/testadd
switch ../test/testadd -> ../test/sort
switch ../test/sort -> ../test/testadd
switch ../test/testadd -> ../test/sort
switch ../test/sort -> ../test/testadd
switch ../test/testadd -> ../test/sort
switch ../test/sort -> ../test/testadd
switch ../test/testadd -> ../test/sort
switch ../test/sort -> ../test/testadd
switch ../test/testadd -> ../test/sort
switch ../test/sort -> ../test/testadd
switch ../test/testadd -> ../test/sort
switch ../test/sort -> ../test/testadd
switch ../test/testadd -> ../test/sort
exit: ../test/sort
finish: ../test/sort
switch ../test/sort -> ../test/testadd
d:../test/sort
Fuck U all! from addrpsace 

Cleaning up...
